2024-01-26 17:10:54,473 - distributed.nanny - INFO -         Start Nanny at: 'tcp://155.230.21.146:37687'
2024-01-26 17:10:55,432 - distributed.worker - INFO -       Start worker at: tcp://155.230.21.146:37140
2024-01-26 17:10:55,432 - distributed.worker - INFO -          Listening to: tcp://155.230.21.146:37140
2024-01-26 17:10:55,432 - distributed.worker - INFO -           Worker name:          HTCondorCluster-4
2024-01-26 17:10:55,432 - distributed.worker - INFO -          dashboard at:       155.230.21.146:44931
2024-01-26 17:10:55,432 - distributed.worker - INFO - Waiting to connect to: tcp://155.230.20.251:33041
2024-01-26 17:10:55,432 - distributed.worker - INFO - -------------------------------------------------
2024-01-26 17:10:55,432 - distributed.worker - INFO -               Threads:                          1
2024-01-26 17:10:55,432 - distributed.worker - INFO -                Memory:                   1.86 GiB
2024-01-26 17:10:55,432 - distributed.worker - INFO -       Local Directory: /tmp/dask-scratch-space/worker-p7xybzz5
2024-01-26 17:10:55,432 - distributed.worker - INFO - -------------------------------------------------
2024-01-26 17:10:56,382 - distributed.worker - INFO - Starting Worker plugin shuffle
2024-01-26 17:10:56,383 - distributed.worker - INFO -         Registered to: tcp://155.230.20.251:33041
2024-01-26 17:10:56,383 - distributed.worker - INFO - -------------------------------------------------
2024-01-26 17:10:56,384 - distributed.core - INFO - Starting established connection to tcp://155.230.20.251:33041
2024-01-26 17:10:57,809 - distributed.worker - INFO - Stopping worker at tcp://155.230.21.146:37140. Reason: scheduler-close
2024-01-26 17:10:57,810 - distributed.nanny - INFO - Closing Nanny gracefully at 'tcp://155.230.21.146:37687'. Reason: scheduler-close
2024-01-26 17:10:57,810 - distributed.batched - INFO - Batched Comm Closed <TCP (closed) Worker->Scheduler local=tcp://155.230.21.146:42272 remote=tcp://155.230.20.251:33041>
Traceback (most recent call last):
  File "/u/user/seyang/opt/micromamba/envs/tau2mumumu-dask-condor-py311/lib/python3.11/site-packages/distributed/comm/tcp.py", line 298, in write
    raise StreamClosedError()
tornado.iostream.StreamClosedError: Stream is closed

The above exception was the direct cause of the following exception:

Traceback (most recent call last):
  File "/u/user/seyang/opt/micromamba/envs/tau2mumumu-dask-condor-py311/lib/python3.11/site-packages/distributed/batched.py", line 115, in _background_send
    nbytes = yield coro
             ^^^^^^^^^^
  File "/u/user/seyang/opt/micromamba/envs/tau2mumumu-dask-condor-py311/lib/python3.11/site-packages/tornado/gen.py", line 767, in run
    value = future.result()
            ^^^^^^^^^^^^^^^
  File "/u/user/seyang/opt/micromamba/envs/tau2mumumu-dask-condor-py311/lib/python3.11/site-packages/distributed/comm/tcp.py", line 309, in write
    convert_stream_closed_error(self, e)
  File "/u/user/seyang/opt/micromamba/envs/tau2mumumu-dask-condor-py311/lib/python3.11/site-packages/distributed/comm/tcp.py", line 142, in convert_stream_closed_error
    raise CommClosedError(f"in {obj}: {exc}") from exc
distributed.comm.core.CommClosedError: in <TCP (closed) Worker->Scheduler local=tcp://155.230.21.146:42272 remote=tcp://155.230.20.251:33041>: Stream is closed
2024-01-26 17:10:57,828 - distributed.worker - ERROR - Failed to communicate with scheduler during heartbeat.
Traceback (most recent call last):
  File "/u/user/seyang/opt/micromamba/envs/tau2mumumu-dask-condor-py311/lib/python3.11/site-packages/tornado/iostream.py", line 861, in _read_to_buffer
    bytes_read = self.read_from_fd(buf)
                 ^^^^^^^^^^^^^^^^^^^^^^
  File "/u/user/seyang/opt/micromamba/envs/tau2mumumu-dask-condor-py311/lib/python3.11/site-packages/tornado/iostream.py", line 1116, in read_from_fd
    return self.socket.recv_into(buf, len(buf))
           ^^^^^^^^^^^^^^^^^^^^^^^^^^^^^^^^^^^^
ConnectionResetError: [Errno 104] Connection reset by peer

The above exception was the direct cause of the following exception:

Traceback (most recent call last):
  File "/u/user/seyang/opt/micromamba/envs/tau2mumumu-dask-condor-py311/lib/python3.11/site-packages/distributed/worker.py", line 1252, in heartbeat
    response = await retry_operation(
               ^^^^^^^^^^^^^^^^^^^^^^
  File "/u/user/seyang/opt/micromamba/envs/tau2mumumu-dask-condor-py311/lib/python3.11/site-packages/distributed/utils_comm.py", line 455, in retry_operation
    return await retry(
           ^^^^^^^^^^^^
  File "/u/user/seyang/opt/micromamba/envs/tau2mumumu-dask-condor-py311/lib/python3.11/site-packages/distributed/utils_comm.py", line 434, in retry
    return await coro()
           ^^^^^^^^^^^^
  File "/u/user/seyang/opt/micromamba/envs/tau2mumumu-dask-condor-py311/lib/python3.11/site-packages/distributed/core.py", line 1394, in send_recv_from_rpc
    return await send_recv(comm=comm, op=key, **kwargs)
           ^^^^^^^^^^^^^^^^^^^^^^^^^^^^^^^^^^^^^^^^^^^^
  File "/u/user/seyang/opt/micromamba/envs/tau2mumumu-dask-condor-py311/lib/python3.11/site-packages/distributed/core.py", line 1153, in send_recv
    response = await comm.read(deserializers=deserializers)
               ^^^^^^^^^^^^^^^^^^^^^^^^^^^^^^^^^^^^^^^^^^^^
  File "/u/user/seyang/opt/micromamba/envs/tau2mumumu-dask-condor-py311/lib/python3.11/site-packages/distributed/comm/tcp.py", line 237, in read
    convert_stream_closed_error(self, e)
  File "/u/user/seyang/opt/micromamba/envs/tau2mumumu-dask-condor-py311/lib/python3.11/site-packages/distributed/comm/tcp.py", line 140, in convert_stream_closed_error
    raise CommClosedError(f"in {obj}: {exc.__class__.__name__}: {exc}") from exc
distributed.comm.core.CommClosedError: in <TCP (closed) ConnectionPool.heartbeat_worker local=tcp://155.230.21.146:42276 remote=tcp://155.230.20.251:33041>: ConnectionResetError: [Errno 104] Connection reset by peer
2024-01-26 17:10:57,832 - distributed.core - INFO - Received 'close-stream' from tcp://155.230.20.251:33041; closing.
2024-01-26 17:10:57,832 - distributed.nanny - INFO - Worker closed
2024-01-26 17:10:58,533 - distributed._signals - INFO - Received signal SIGTERM (15)
2024-01-26 17:10:58,533 - distributed.nanny - INFO - Closing Nanny at 'tcp://155.230.21.146:37687'. Reason: signal-15
2024-01-26 17:10:58,533 - distributed.nanny - INFO - Nanny asking worker to close. Reason: signal-15
2024-01-26 17:10:58,739 - distributed.dask_worker - INFO - End worker
